2021-01-31 22:40:12.674 [restartedMain] INFO  com.shengfei.AdminApplication:55   Starting AdminApplication on wangyidideMacBook-Pro.local with PID 20554 (/Users/wangyd/Documents/git-project/shengfei/target/classes started by wangyd in /Users/wangyd/Documents/git-project/shengfei)
2021-01-31 22:40:12.679 [restartedMain] INFO  com.shengfei.AdminApplication:651  No active profile set, falling back to default profiles: default
2021-01-31 22:40:12.743 [restartedMain] INFO  o.s.b.d.env.DevToolsPropertyDefaultsPostProcessor:225  Devtools property defaults active! Set 'spring.devtools.add-properties' to 'false' to disable
2021-01-31 22:40:12.743 [restartedMain] INFO  o.s.b.d.env.DevToolsPropertyDefaultsPostProcessor:225  For additional web related logging consider setting the 'logging.level.web' property to 'DEBUG'
2021-01-31 22:40:14.108 [restartedMain] INFO  o.s.c.s.PostProcessorRegistrationDelegate$BeanPostProcessorChecker:330  Bean 'shiroConfig' of type [com.shengfei.config.ShiroConfig$$EnhancerBySpringCGLIB$$5af8e9ca] is not eligible for getting processed by all BeanPostProcessors (for example: not eligible for auto-proxying)
2021-01-31 22:40:14.154 [restartedMain] INFO  o.s.c.s.PostProcessorRegistrationDelegate$BeanPostProcessorChecker:330  Bean 'validatorConfiguration' of type [com.shengfei.config.ValidatorConfiguration$$EnhancerBySpringCGLIB$$3b2d15f3] is not eligible for getting processed by all BeanPostProcessors (for example: not eligible for auto-proxying)
2021-01-31 22:40:14.180 [restartedMain] INFO  o.s.c.s.PostProcessorRegistrationDelegate$BeanPostProcessorChecker:330  Bean 'validator' of type [org.hibernate.validator.internal.engine.ValidatorImpl] is not eligible for getting processed by all BeanPostProcessors (for example: not eligible for auto-proxying)
2021-01-31 22:40:14.186 [restartedMain] INFO  o.s.c.s.PostProcessorRegistrationDelegate$BeanPostProcessorChecker:330  Bean 'com.alibaba.druid.spring.boot.autoconfigure.stat.DruidSpringAopConfiguration' of type [com.alibaba.druid.spring.boot.autoconfigure.stat.DruidSpringAopConfiguration] is not eligible for getting processed by all BeanPostProcessors (for example: not eligible for auto-proxying)
2021-01-31 22:40:14.401 [restartedMain] INFO  o.s.c.s.PostProcessorRegistrationDelegate$BeanPostProcessorChecker:330  Bean 'mybatis-plus-com.baomidou.mybatisplus.autoconfigure.MybatisPlusProperties' of type [com.baomidou.mybatisplus.autoconfigure.MybatisPlusProperties] is not eligible for getting processed by all BeanPostProcessors (for example: not eligible for auto-proxying)
2021-01-31 22:40:14.407 [restartedMain] INFO  o.s.c.s.PostProcessorRegistrationDelegate$BeanPostProcessorChecker:330  Bean 'mybatisPlusConfig' of type [com.shengfei.config.MybatisPlusConfig$$EnhancerBySpringCGLIB$$a8c63566] is not eligible for getting processed by all BeanPostProcessors (for example: not eligible for auto-proxying)
2021-01-31 22:40:14.418 [restartedMain] INFO  o.s.c.s.PostProcessorRegistrationDelegate$BeanPostProcessorChecker:330  Bean 'mybatisPlusInterceptor' of type [com.baomidou.mybatisplus.extension.plugins.MybatisPlusInterceptor] is not eligible for getting processed by all BeanPostProcessors (for example: not eligible for auto-proxying)
2021-01-31 22:40:14.426 [restartedMain] INFO  o.s.c.s.PostProcessorRegistrationDelegate$BeanPostProcessorChecker:330  Bean 'com.baomidou.mybatisplus.autoconfigure.MybatisPlusAutoConfiguration' of type [com.baomidou.mybatisplus.autoconfigure.MybatisPlusAutoConfiguration$$EnhancerBySpringCGLIB$$929369b8] is not eligible for getting processed by all BeanPostProcessors (for example: not eligible for auto-proxying)
2021-01-31 22:40:14.428 [restartedMain] INFO  o.s.c.s.PostProcessorRegistrationDelegate$BeanPostProcessorChecker:330  Bean 'com.alibaba.druid.spring.boot.autoconfigure.DruidDataSourceAutoConfigure' of type [com.alibaba.druid.spring.boot.autoconfigure.DruidDataSourceAutoConfigure$$EnhancerBySpringCGLIB$$6e76f290] is not eligible for getting processed by all BeanPostProcessors (for example: not eligible for auto-proxying)
2021-01-31 22:40:14.432 [restartedMain] INFO  c.a.d.s.b.a.DruidDataSourceAutoConfigure:56   Init DruidDataSource
2021-01-31 22:40:14.494 [restartedMain] INFO  o.s.c.s.PostProcessorRegistrationDelegate$BeanPostProcessorChecker:330  Bean 'spring.datasource-org.springframework.boot.autoconfigure.jdbc.DataSourceProperties' of type [org.springframework.boot.autoconfigure.jdbc.DataSourceProperties] is not eligible for getting processed by all BeanPostProcessors (for example: not eligible for auto-proxying)
2021-01-31 22:40:14.498 [restartedMain] INFO  o.s.c.s.PostProcessorRegistrationDelegate$BeanPostProcessorChecker:330  Bean 'com.alibaba.druid.spring.boot.autoconfigure.stat.DruidFilterConfiguration' of type [com.alibaba.druid.spring.boot.autoconfigure.stat.DruidFilterConfiguration] is not eligible for getting processed by all BeanPostProcessors (for example: not eligible for auto-proxying)
2021-01-31 22:40:14.518 [restartedMain] INFO  o.s.c.s.PostProcessorRegistrationDelegate$BeanPostProcessorChecker:330  Bean 'statFilter' of type [com.alibaba.druid.filter.stat.StatFilter] is not eligible for getting processed by all BeanPostProcessors (for example: not eligible for auto-proxying)
2021-01-31 22:40:15.504 [restartedMain] INFO  com.alibaba.druid.pool.DruidDataSource:930  {dataSource-1} inited
2021-01-31 22:40:15.504 [restartedMain] INFO  o.s.c.s.PostProcessorRegistrationDelegate$BeanPostProcessorChecker:330  Bean 'dataSource' of type [com.alibaba.druid.spring.boot.autoconfigure.DruidDataSourceWrapper] is not eligible for getting processed by all BeanPostProcessors (for example: not eligible for auto-proxying)
2021-01-31 22:40:15.561 [restartedMain] INFO  o.s.c.s.PostProcessorRegistrationDelegate$BeanPostProcessorChecker:330  Bean 'sqlSessionFactory' of type [org.apache.ibatis.session.defaults.DefaultSqlSessionFactory] is not eligible for getting processed by all BeanPostProcessors (for example: not eligible for auto-proxying)
2021-01-31 22:40:15.566 [restartedMain] INFO  o.s.c.s.PostProcessorRegistrationDelegate$BeanPostProcessorChecker:330  Bean 'sqlSessionTemplate' of type [org.mybatis.spring.SqlSessionTemplate] is not eligible for getting processed by all BeanPostProcessors (for example: not eligible for auto-proxying)
2021-01-31 22:40:15.714 [restartedMain] INFO  o.s.c.s.PostProcessorRegistrationDelegate$BeanPostProcessorChecker:330  Bean 'roleMapper' of type [org.mybatis.spring.mapper.MapperFactoryBean] is not eligible for getting processed by all BeanPostProcessors (for example: not eligible for auto-proxying)
2021-01-31 22:40:15.719 [restartedMain] INFO  o.s.c.s.PostProcessorRegistrationDelegate$BeanPostProcessorChecker:330  Bean 'roleMapper' of type [com.sun.proxy.$Proxy78] is not eligible for getting processed by all BeanPostProcessors (for example: not eligible for auto-proxying)
2021-01-31 22:40:15.720 [restartedMain] INFO  o.s.c.s.PostProcessorRegistrationDelegate$BeanPostProcessorChecker:330  Bean 'roleServiceImpl' of type [com.shengfei.service.impl.RoleServiceImpl] is not eligible for getting processed by all BeanPostProcessors (for example: not eligible for auto-proxying)
2021-01-31 22:40:15.808 [restartedMain] INFO  o.s.c.s.PostProcessorRegistrationDelegate$BeanPostProcessorChecker:330  Bean 'permissionMapper' of type [org.mybatis.spring.mapper.MapperFactoryBean] is not eligible for getting processed by all BeanPostProcessors (for example: not eligible for auto-proxying)
2021-01-31 22:40:15.810 [restartedMain] INFO  o.s.c.s.PostProcessorRegistrationDelegate$BeanPostProcessorChecker:330  Bean 'permissionMapper' of type [com.sun.proxy.$Proxy82] is not eligible for getting processed by all BeanPostProcessors (for example: not eligible for auto-proxying)
2021-01-31 22:40:15.811 [restartedMain] INFO  o.s.c.s.PostProcessorRegistrationDelegate$BeanPostProcessorChecker:330  Bean 'permissionServiceImpl' of type [com.shengfei.service.impl.PermissionServiceImpl] is not eligible for getting processed by all BeanPostProcessors (for example: not eligible for auto-proxying)
2021-01-31 22:40:15.812 [restartedMain] INFO  o.s.c.s.PostProcessorRegistrationDelegate$BeanPostProcessorChecker:330  Bean 'shiroRealm' of type [com.shengfei.shiro.auth.AuthRealm] is not eligible for getting processed by all BeanPostProcessors (for example: not eligible for auto-proxying)
2021-01-31 22:40:15.848 [restartedMain] INFO  o.s.c.s.PostProcessorRegistrationDelegate$BeanPostProcessorChecker:330  Bean 'redisManager' of type [com.shengfei.shiro.RedisManager] is not eligible for getting processed by all BeanPostProcessors (for example: not eligible for auto-proxying)
2021-01-31 22:40:15.853 [restartedMain] INFO  o.s.c.s.PostProcessorRegistrationDelegate$BeanPostProcessorChecker:330  Bean 'sessionIdCookie' of type [org.apache.shiro.web.servlet.SimpleCookie] is not eligible for getting processed by all BeanPostProcessors (for example: not eligible for auto-proxying)
2021-01-31 22:40:15.856 [restartedMain] INFO  o.s.c.s.PostProcessorRegistrationDelegate$BeanPostProcessorChecker:330  Bean 'sessionDAO' of type [com.shengfei.shiro.RedisSessionDAO] is not eligible for getting processed by all BeanPostProcessors (for example: not eligible for auto-proxying)
2021-01-31 22:40:15.859 [restartedMain] INFO  o.s.c.s.PostProcessorRegistrationDelegate$BeanPostProcessorChecker:330  Bean 'sessionManager' of type [org.apache.shiro.web.session.mgt.DefaultWebSessionManager] is not eligible for getting processed by all BeanPostProcessors (for example: not eligible for auto-proxying)
2021-01-31 22:40:15.861 [restartedMain] INFO  o.s.c.s.PostProcessorRegistrationDelegate$BeanPostProcessorChecker:330  Bean 'securityManager' of type [org.apache.shiro.web.mgt.DefaultWebSecurityManager] is not eligible for getting processed by all BeanPostProcessors (for example: not eligible for auto-proxying)
2021-01-31 22:40:15.873 [restartedMain] INFO  o.s.c.s.PostProcessorRegistrationDelegate$BeanPostProcessorChecker:330  Bean 'org.springframework.transaction.annotation.ProxyTransactionManagementConfiguration' of type [org.springframework.transaction.annotation.ProxyTransactionManagementConfiguration] is not eligible for getting processed by all BeanPostProcessors (for example: not eligible for auto-proxying)
2021-01-31 22:40:15.884 [restartedMain] INFO  o.s.c.s.PostProcessorRegistrationDelegate$BeanPostProcessorChecker:330  Bean 'authorizationAttributeSourceAdvisor' of type [org.apache.shiro.spring.security.interceptor.AuthorizationAttributeSourceAdvisor] is not eligible for getting processed by all BeanPostProcessors (for example: not eligible for auto-proxying)
2021-01-31 22:40:15.890 [restartedMain] INFO  o.s.c.s.PostProcessorRegistrationDelegate$BeanPostProcessorChecker:330  Bean 'spring.datasource.druid-com.alibaba.druid.spring.boot.autoconfigure.properties.DruidStatProperties' of type [com.alibaba.druid.spring.boot.autoconfigure.properties.DruidStatProperties] is not eligible for getting processed by all BeanPostProcessors (for example: not eligible for auto-proxying)
2021-01-31 22:40:15.896 [restartedMain] INFO  o.s.c.s.PostProcessorRegistrationDelegate$BeanPostProcessorChecker:330  Bean 'advisor' of type [org.springframework.aop.support.RegexpMethodPointcutAdvisor] is not eligible for getting processed by all BeanPostProcessors (for example: not eligible for auto-proxying)
2021-01-31 22:40:16.205 [restartedMain] INFO  o.s.boot.web.embedded.tomcat.TomcatWebServer:92   Tomcat initialized with port(s): 8081 (http)
2021-01-31 22:40:16.214 [restartedMain] INFO  org.apache.coyote.http11.Http11NioProtocol:173  Initializing ProtocolHandler ["http-nio-8081"]
2021-01-31 22:40:16.215 [restartedMain] INFO  org.apache.catalina.core.StandardService:173  Starting service [Tomcat]
2021-01-31 22:40:16.215 [restartedMain] INFO  org.apache.catalina.core.StandardEngine:173  Starting Servlet engine: [Apache Tomcat/9.0.30]
2021-01-31 22:40:16.294 [restartedMain] INFO  o.a.c.core.ContainerBase.[Tomcat].[localhost].[/]:173  Initializing Spring embedded WebApplicationContext
2021-01-31 22:40:16.294 [restartedMain] INFO  org.springframework.web.context.ContextLoader:284  Root WebApplicationContext: initialization completed in 3550 ms
2021-01-31 22:40:16.891 [restartedMain] INFO  s.d.s.w.WebMvcPropertySourcedRequestMappingHandlerMapping:69   Mapped URL path [/v2/api-docs] onto method [springfox.documentation.swagger2.web.Swagger2ControllerWebMvc#getDocumentation(String, HttpServletRequest)]
2021-01-31 22:40:16.993 [restartedMain] INFO  o.s.scheduling.concurrent.ThreadPoolTaskExecutor:171  Initializing ExecutorService 'applicationTaskExecutor'
2021-01-31 22:40:17.244 [restartedMain] INFO  s.d.s.web.plugins.DocumentationPluginsBootstrapper:93   Documentation plugins bootstrapped
2021-01-31 22:40:17.248 [restartedMain] INFO  s.d.s.web.plugins.DocumentationPluginsBootstrapper:79   Found 1 custom documentation plugin(s)
2021-01-31 22:40:17.277 [restartedMain] INFO  s.d.spring.web.scanners.ApiListingReferenceScanner:44   Scanning for api listing references
2021-01-31 22:40:17.290 [restartedMain] INFO  org.apache.coyote.http11.Http11NioProtocol:173  Starting ProtocolHandler ["http-nio-8081"]
2021-01-31 22:40:17.324 [restartedMain] INFO  o.s.boot.web.embedded.tomcat.TomcatWebServer:204  Tomcat started on port(s): 8081 (http) with context path ''
2021-01-31 22:40:17.328 [restartedMain] INFO  com.shengfei.AdminApplication:61   Started AdminApplication in 5.836 seconds (JVM running for 7.349)
2021-01-31 22:40:34.544 [http-nio-8081-exec-2] INFO  o.a.c.core.ContainerBase.[Tomcat].[localhost].[/]:173  Initializing Spring DispatcherServlet 'dispatcherServlet'
2021-01-31 22:40:34.546 [http-nio-8081-exec-2] INFO  org.springframework.web.servlet.DispatcherServlet:525  Initializing Servlet 'dispatcherServlet'
2021-01-31 22:40:34.572 [http-nio-8081-exec-2] INFO  org.springframework.web.servlet.DispatcherServlet:547  Completed initialization in 25 ms
2021-01-31 22:40:34.603 [http-nio-8081-exec-2] INFO  o.a.s.session.mgt.AbstractValidatingSessionManager:233  Enabling session validation scheduler...
2021-01-31 22:45:02.664 [Thread-3] INFO  o.s.scheduling.concurrent.ThreadPoolTaskExecutor:208  Shutting down ExecutorService 'applicationTaskExecutor'
2021-01-31 22:45:02.673 [Thread-3] INFO  o.a.s.session.mgt.AbstractValidatingSessionManager:250  Disabled session validation scheduler.
2021-01-31 22:45:02.691 [Thread-3] INFO  com.alibaba.druid.pool.DruidDataSource:1825 {dataSource-1} closed
2021-01-31 22:45:03.353 [restartedMain] INFO  com.shengfei.AdminApplication:55   Starting AdminApplication on wangyidideMacBook-Pro.local with PID 20554 (/Users/wangyd/Documents/git-project/shengfei/target/classes started by wangyd in /Users/wangyd/Documents/git-project/shengfei)
2021-01-31 22:45:03.354 [restartedMain] INFO  com.shengfei.AdminApplication:651  No active profile set, falling back to default profiles: default
2021-01-31 22:45:03.794 [restartedMain] INFO  o.s.c.s.PostProcessorRegistrationDelegate$BeanPostProcessorChecker:330  Bean 'com.alibaba.druid.spring.boot.autoconfigure.stat.DruidSpringAopConfiguration' of type [com.alibaba.druid.spring.boot.autoconfigure.stat.DruidSpringAopConfiguration] is not eligible for getting processed by all BeanPostProcessors (for example: not eligible for auto-proxying)
2021-01-31 22:45:03.906 [restartedMain] INFO  o.s.boot.web.embedded.tomcat.TomcatWebServer:92   Tomcat initialized with port(s): 8081 (http)
2021-01-31 22:45:03.907 [restartedMain] INFO  org.apache.coyote.http11.Http11NioProtocol:173  Initializing ProtocolHandler ["http-nio-8081"]
2021-01-31 22:45:03.908 [restartedMain] INFO  org.apache.catalina.core.StandardService:173  Starting service [Tomcat]
2021-01-31 22:45:03.914 [restartedMain] INFO  org.apache.catalina.core.StandardEngine:173  Starting Servlet engine: [Apache Tomcat/9.0.30]
2021-01-31 22:45:03.926 [restartedMain] INFO  o.a.c.core.ContainerBase.[Tomcat].[localhost].[/]:173  Initializing Spring embedded WebApplicationContext
2021-01-31 22:45:03.927 [restartedMain] INFO  org.springframework.web.context.ContextLoader:284  Root WebApplicationContext: initialization completed in 569 ms
2021-01-31 22:45:04.105 [restartedMain] INFO  o.s.scheduling.concurrent.ThreadPoolTaskExecutor:171  Initializing ExecutorService 'applicationTaskExecutor'
2021-01-31 22:45:04.229 [restartedMain] INFO  c.a.d.s.b.a.DruidDataSourceAutoConfigure:56   Init DruidDataSource
2021-01-31 22:45:05.121 [restartedMain] INFO  com.alibaba.druid.pool.DruidDataSource:930  {dataSource-2} inited
2021-01-31 22:45:05.214 [restartedMain] INFO  org.apache.coyote.http11.Http11NioProtocol:173  Starting ProtocolHandler ["http-nio-8081"]
2021-01-31 22:45:05.225 [restartedMain] INFO  o.s.boot.web.embedded.tomcat.TomcatWebServer:204  Tomcat started on port(s): 8081 (http) with context path ''
2021-01-31 22:45:05.226 [restartedMain] INFO  com.shengfei.AdminApplication:61   Started AdminApplication in 2.144 seconds (JVM running for 295.246)
2021-01-31 22:45:05.234 [restartedMain] INFO  o.s.b.d.a.ConditionEvaluationDeltaLoggingListener:58   Condition evaluation delta:


==========================
CONDITION EVALUATION DELTA
==========================


Positive matches:
-----------------

   TransactionAutoConfiguration.EnableTransactionManagementConfiguration matched:
      - @ConditionalOnBean (types: org.springframework.transaction.TransactionManager; SearchStrategy: all) found bean 'transactionManager'; @ConditionalOnBean (types: org.springframework.transaction.annotation.AbstractTransactionManagementConfiguration; SearchStrategy: all) did not find any beans (OnBeanCondition)

   TransactionAutoConfiguration.EnableTransactionManagementConfiguration.CglibAutoProxyConfiguration matched:
      - @ConditionalOnProperty (spring.aop.proxy-target-class=true) matched (OnPropertyCondition)

   ValidationAutoConfiguration#defaultValidator matched:
      - @ConditionalOnBean (types: javax.validation.Validator; SearchStrategy: all) did not find any beans (OnBeanCondition)

   ValidationAutoConfiguration#methodValidationPostProcessor matched:
      - @ConditionalOnBean (types: org.springframework.validation.beanvalidation.MethodValidationPostProcessor; SearchStrategy: all) did not find any beans (OnBeanCondition)


Negative matches:
-----------------

    None


Exclusions:
-----------

    None


Unconditional classes:
----------------------

    None



2021-01-31 22:46:13.050 [Thread-24] INFO  com.alibaba.druid.pool.DruidDataSource:1825 {dataSource-2} closed
2021-01-31 22:46:13.053 [Thread-24] INFO  o.s.scheduling.concurrent.ThreadPoolTaskExecutor:208  Shutting down ExecutorService 'applicationTaskExecutor'
2021-01-31 22:46:13.327 [restartedMain] INFO  com.shengfei.AdminApplication:55   Starting AdminApplication on wangyidideMacBook-Pro.local with PID 20554 (/Users/wangyd/Documents/git-project/shengfei/target/classes started by wangyd in /Users/wangyd/Documents/git-project/shengfei)
2021-01-31 22:46:13.328 [restartedMain] INFO  com.shengfei.AdminApplication:651  No active profile set, falling back to default profiles: default
2021-01-31 22:46:13.571 [restartedMain] INFO  o.s.c.s.PostProcessorRegistrationDelegate$BeanPostProcessorChecker:330  Bean 'com.alibaba.druid.spring.boot.autoconfigure.stat.DruidSpringAopConfiguration' of type [com.alibaba.druid.spring.boot.autoconfigure.stat.DruidSpringAopConfiguration] is not eligible for getting processed by all BeanPostProcessors (for example: not eligible for auto-proxying)
2021-01-31 22:46:13.670 [restartedMain] INFO  o.s.boot.web.embedded.tomcat.TomcatWebServer:92   Tomcat initialized with port(s): 8081 (http)
2021-01-31 22:46:13.673 [restartedMain] INFO  org.apache.coyote.http11.Http11NioProtocol:173  Initializing ProtocolHandler ["http-nio-8081"]
2021-01-31 22:46:13.674 [restartedMain] INFO  org.apache.catalina.core.StandardService:173  Starting service [Tomcat]
2021-01-31 22:46:13.674 [restartedMain] INFO  org.apache.catalina.core.StandardEngine:173  Starting Servlet engine: [Apache Tomcat/9.0.30]
2021-01-31 22:46:13.686 [restartedMain] INFO  o.a.c.core.ContainerBase.[Tomcat].[localhost].[/]:173  Initializing Spring embedded WebApplicationContext
2021-01-31 22:46:13.686 [restartedMain] INFO  org.springframework.web.context.ContextLoader:284  Root WebApplicationContext: initialization completed in 355 ms
2021-01-31 22:46:13.786 [restartedMain] INFO  o.s.scheduling.concurrent.ThreadPoolTaskExecutor:171  Initializing ExecutorService 'applicationTaskExecutor'
2021-01-31 22:46:13.898 [restartedMain] INFO  c.a.d.s.b.a.DruidDataSourceAutoConfigure:56   Init DruidDataSource
2021-01-31 22:46:14.609 [restartedMain] INFO  com.alibaba.druid.pool.DruidDataSource:930  {dataSource-3} inited
2021-01-31 22:46:14.703 [restartedMain] INFO  org.apache.coyote.http11.Http11NioProtocol:173  Starting ProtocolHandler ["http-nio-8081"]
2021-01-31 22:46:14.709 [restartedMain] INFO  o.s.boot.web.embedded.tomcat.TomcatWebServer:204  Tomcat started on port(s): 8081 (http) with context path ''
2021-01-31 22:46:14.710 [restartedMain] INFO  com.shengfei.AdminApplication:61   Started AdminApplication in 1.444 seconds (JVM running for 364.729)
2021-01-31 22:46:14.711 [restartedMain] INFO  o.s.b.d.a.ConditionEvaluationDeltaLoggingListener:63   Condition evaluation unchanged
2021-01-31 22:46:17.528 [Thread-29] INFO  com.alibaba.druid.pool.DruidDataSource:1825 {dataSource-3} closed
2021-01-31 22:46:17.532 [Thread-29] INFO  o.s.scheduling.concurrent.ThreadPoolTaskExecutor:208  Shutting down ExecutorService 'applicationTaskExecutor'
2021-01-31 22:46:17.802 [restartedMain] INFO  com.shengfei.AdminApplication:55   Starting AdminApplication on wangyidideMacBook-Pro.local with PID 20554 (/Users/wangyd/Documents/git-project/shengfei/target/classes started by wangyd in /Users/wangyd/Documents/git-project/shengfei)
2021-01-31 22:46:17.803 [restartedMain] INFO  com.shengfei.AdminApplication:651  No active profile set, falling back to default profiles: default
2021-01-31 22:46:18.155 [restartedMain] INFO  o.s.c.s.PostProcessorRegistrationDelegate$BeanPostProcessorChecker:330  Bean 'shiroConfig' of type [com.shengfei.config.ShiroConfig$$EnhancerBySpringCGLIB$$5af8e9ca] is not eligible for getting processed by all BeanPostProcessors (for example: not eligible for auto-proxying)
2021-01-31 22:46:18.159 [restartedMain] INFO  o.s.c.s.PostProcessorRegistrationDelegate$BeanPostProcessorChecker:330  Bean 'validatorConfiguration' of type [com.shengfei.config.ValidatorConfiguration$$EnhancerBySpringCGLIB$$3b2d15f3] is not eligible for getting processed by all BeanPostProcessors (for example: not eligible for auto-proxying)
2021-01-31 22:46:18.166 [restartedMain] INFO  o.s.c.s.PostProcessorRegistrationDelegate$BeanPostProcessorChecker:330  Bean 'validator' of type [org.hibernate.validator.internal.engine.ValidatorImpl] is not eligible for getting processed by all BeanPostProcessors (for example: not eligible for auto-proxying)
2021-01-31 22:46:18.167 [restartedMain] INFO  o.s.c.s.PostProcessorRegistrationDelegate$BeanPostProcessorChecker:330  Bean 'com.alibaba.druid.spring.boot.autoconfigure.stat.DruidSpringAopConfiguration' of type [com.alibaba.druid.spring.boot.autoconfigure.stat.DruidSpringAopConfiguration] is not eligible for getting processed by all BeanPostProcessors (for example: not eligible for auto-proxying)
2021-01-31 22:46:18.176 [restartedMain] INFO  o.s.c.s.PostProcessorRegistrationDelegate$BeanPostProcessorChecker:330  Bean 'mybatis-plus-com.baomidou.mybatisplus.autoconfigure.MybatisPlusProperties' of type [com.baomidou.mybatisplus.autoconfigure.MybatisPlusProperties] is not eligible for getting processed by all BeanPostProcessors (for example: not eligible for auto-proxying)
2021-01-31 22:46:18.178 [restartedMain] INFO  o.s.c.s.PostProcessorRegistrationDelegate$BeanPostProcessorChecker:330  Bean 'mybatisPlusConfig' of type [com.shengfei.config.MybatisPlusConfig$$EnhancerBySpringCGLIB$$a8c63566] is not eligible for getting processed by all BeanPostProcessors (for example: not eligible for auto-proxying)
2021-01-31 22:46:18.180 [restartedMain] INFO  o.s.c.s.PostProcessorRegistrationDelegate$BeanPostProcessorChecker:330  Bean 'mybatisPlusInterceptor' of type [com.baomidou.mybatisplus.extension.plugins.MybatisPlusInterceptor] is not eligible for getting processed by all BeanPostProcessors (for example: not eligible for auto-proxying)
2021-01-31 22:46:18.184 [restartedMain] INFO  o.s.c.s.PostProcessorRegistrationDelegate$BeanPostProcessorChecker:330  Bean 'com.baomidou.mybatisplus.autoconfigure.MybatisPlusAutoConfiguration' of type [com.baomidou.mybatisplus.autoconfigure.MybatisPlusAutoConfiguration$$EnhancerBySpringCGLIB$$929369b8] is not eligible for getting processed by all BeanPostProcessors (for example: not eligible for auto-proxying)
2021-01-31 22:46:18.185 [restartedMain] INFO  o.s.c.s.PostProcessorRegistrationDelegate$BeanPostProcessorChecker:330  Bean 'com.alibaba.druid.spring.boot.autoconfigure.DruidDataSourceAutoConfigure' of type [com.alibaba.druid.spring.boot.autoconfigure.DruidDataSourceAutoConfigure$$EnhancerBySpringCGLIB$$6e76f290] is not eligible for getting processed by all BeanPostProcessors (for example: not eligible for auto-proxying)
2021-01-31 22:46:18.185 [restartedMain] INFO  c.a.d.s.b.a.DruidDataSourceAutoConfigure:56   Init DruidDataSource
2021-01-31 22:46:18.193 [restartedMain] INFO  o.s.c.s.PostProcessorRegistrationDelegate$BeanPostProcessorChecker:330  Bean 'spring.datasource-org.springframework.boot.autoconfigure.jdbc.DataSourceProperties' of type [org.springframework.boot.autoconfigure.jdbc.DataSourceProperties] is not eligible for getting processed by all BeanPostProcessors (for example: not eligible for auto-proxying)
2021-01-31 22:46:18.195 [restartedMain] INFO  o.s.c.s.PostProcessorRegistrationDelegate$BeanPostProcessorChecker:330  Bean 'com.alibaba.druid.spring.boot.autoconfigure.stat.DruidFilterConfiguration' of type [com.alibaba.druid.spring.boot.autoconfigure.stat.DruidFilterConfiguration] is not eligible for getting processed by all BeanPostProcessors (for example: not eligible for auto-proxying)
2021-01-31 22:46:18.199 [restartedMain] INFO  o.s.c.s.PostProcessorRegistrationDelegate$BeanPostProcessorChecker:330  Bean 'statFilter' of type [com.alibaba.druid.filter.stat.StatFilter] is not eligible for getting processed by all BeanPostProcessors (for example: not eligible for auto-proxying)
2021-01-31 22:46:18.649 [restartedMain] INFO  com.alibaba.druid.pool.DruidDataSource:930  {dataSource-4} inited
2021-01-31 22:46:18.650 [restartedMain] INFO  o.s.c.s.PostProcessorRegistrationDelegate$BeanPostProcessorChecker:330  Bean 'dataSource' of type [com.alibaba.druid.spring.boot.autoconfigure.DruidDataSourceWrapper] is not eligible for getting processed by all BeanPostProcessors (for example: not eligible for auto-proxying)
2021-01-31 22:46:18.655 [restartedMain] INFO  o.s.c.s.PostProcessorRegistrationDelegate$BeanPostProcessorChecker:330  Bean 'sqlSessionFactory' of type [org.apache.ibatis.session.defaults.DefaultSqlSessionFactory] is not eligible for getting processed by all BeanPostProcessors (for example: not eligible for auto-proxying)
2021-01-31 22:46:18.658 [restartedMain] INFO  o.s.c.s.PostProcessorRegistrationDelegate$BeanPostProcessorChecker:330  Bean 'sqlSessionTemplate' of type [org.mybatis.spring.SqlSessionTemplate] is not eligible for getting processed by all BeanPostProcessors (for example: not eligible for auto-proxying)
2021-01-31 22:46:18.681 [restartedMain] INFO  o.s.c.s.PostProcessorRegistrationDelegate$BeanPostProcessorChecker:330  Bean 'roleMapper' of type [org.mybatis.spring.mapper.MapperFactoryBean] is not eligible for getting processed by all BeanPostProcessors (for example: not eligible for auto-proxying)
2021-01-31 22:46:18.682 [restartedMain] INFO  o.s.c.s.PostProcessorRegistrationDelegate$BeanPostProcessorChecker:330  Bean 'roleMapper' of type [com.sun.proxy.$Proxy130] is not eligible for getting processed by all BeanPostProcessors (for example: not eligible for auto-proxying)
2021-01-31 22:46:18.683 [restartedMain] INFO  o.s.c.s.PostProcessorRegistrationDelegate$BeanPostProcessorChecker:330  Bean 'roleServiceImpl' of type [com.shengfei.service.impl.RoleServiceImpl] is not eligible for getting processed by all BeanPostProcessors (for example: not eligible for auto-proxying)
2021-01-31 22:46:18.711 [restartedMain] INFO  o.s.c.s.PostProcessorRegistrationDelegate$BeanPostProcessorChecker:330  Bean 'permissionMapper' of type [org.mybatis.spring.mapper.MapperFactoryBean] is not eligible for getting processed by all BeanPostProcessors (for example: not eligible for auto-proxying)
2021-01-31 22:46:18.712 [restartedMain] INFO  o.s.c.s.PostProcessorRegistrationDelegate$BeanPostProcessorChecker:330  Bean 'permissionMapper' of type [com.sun.proxy.$Proxy131] is not eligible for getting processed by all BeanPostProcessors (for example: not eligible for auto-proxying)
2021-01-31 22:46:18.713 [restartedMain] INFO  o.s.c.s.PostProcessorRegistrationDelegate$BeanPostProcessorChecker:330  Bean 'permissionServiceImpl' of type [com.shengfei.service.impl.PermissionServiceImpl] is not eligible for getting processed by all BeanPostProcessors (for example: not eligible for auto-proxying)
2021-01-31 22:46:18.714 [restartedMain] INFO  o.s.c.s.PostProcessorRegistrationDelegate$BeanPostProcessorChecker:330  Bean 'shiroRealm' of type [com.shengfei.shiro.auth.AuthRealm] is not eligible for getting processed by all BeanPostProcessors (for example: not eligible for auto-proxying)
2021-01-31 22:46:18.717 [restartedMain] INFO  o.s.c.s.PostProcessorRegistrationDelegate$BeanPostProcessorChecker:330  Bean 'redisManager' of type [com.shengfei.shiro.RedisManager] is not eligible for getting processed by all BeanPostProcessors (for example: not eligible for auto-proxying)
2021-01-31 22:46:18.719 [restartedMain] INFO  o.s.c.s.PostProcessorRegistrationDelegate$BeanPostProcessorChecker:330  Bean 'sessionIdCookie' of type [org.apache.shiro.web.servlet.SimpleCookie] is not eligible for getting processed by all BeanPostProcessors (for example: not eligible for auto-proxying)
2021-01-31 22:46:18.720 [restartedMain] INFO  o.s.c.s.PostProcessorRegistrationDelegate$BeanPostProcessorChecker:330  Bean 'sessionDAO' of type [com.shengfei.shiro.RedisSessionDAO] is not eligible for getting processed by all BeanPostProcessors (for example: not eligible for auto-proxying)
2021-01-31 22:46:18.721 [restartedMain] INFO  o.s.c.s.PostProcessorRegistrationDelegate$BeanPostProcessorChecker:330  Bean 'sessionManager' of type [org.apache.shiro.web.session.mgt.DefaultWebSessionManager] is not eligible for getting processed by all BeanPostProcessors (for example: not eligible for auto-proxying)
2021-01-31 22:46:18.722 [restartedMain] INFO  o.s.c.s.PostProcessorRegistrationDelegate$BeanPostProcessorChecker:330  Bean 'securityManager' of type [org.apache.shiro.web.mgt.DefaultWebSecurityManager] is not eligible for getting processed by all BeanPostProcessors (for example: not eligible for auto-proxying)
2021-01-31 22:46:18.726 [restartedMain] INFO  o.s.c.s.PostProcessorRegistrationDelegate$BeanPostProcessorChecker:330  Bean 'org.springframework.transaction.annotation.ProxyTransactionManagementConfiguration' of type [org.springframework.transaction.annotation.ProxyTransactionManagementConfiguration] is not eligible for getting processed by all BeanPostProcessors (for example: not eligible for auto-proxying)
2021-01-31 22:46:18.727 [restartedMain] INFO  o.s.c.s.PostProcessorRegistrationDelegate$BeanPostProcessorChecker:330  Bean 'authorizationAttributeSourceAdvisor' of type [org.apache.shiro.spring.security.interceptor.AuthorizationAttributeSourceAdvisor] is not eligible for getting processed by all BeanPostProcessors (for example: not eligible for auto-proxying)
2021-01-31 22:46:18.731 [restartedMain] INFO  o.s.c.s.PostProcessorRegistrationDelegate$BeanPostProcessorChecker:330  Bean 'spring.datasource.druid-com.alibaba.druid.spring.boot.autoconfigure.properties.DruidStatProperties' of type [com.alibaba.druid.spring.boot.autoconfigure.properties.DruidStatProperties] is not eligible for getting processed by all BeanPostProcessors (for example: not eligible for auto-proxying)
2021-01-31 22:46:18.732 [restartedMain] INFO  o.s.c.s.PostProcessorRegistrationDelegate$BeanPostProcessorChecker:330  Bean 'advisor' of type [org.springframework.aop.support.RegexpMethodPointcutAdvisor] is not eligible for getting processed by all BeanPostProcessors (for example: not eligible for auto-proxying)
2021-01-31 22:46:18.821 [restartedMain] INFO  o.s.boot.web.embedded.tomcat.TomcatWebServer:92   Tomcat initialized with port(s): 8081 (http)
2021-01-31 22:46:18.821 [restartedMain] INFO  org.apache.coyote.http11.Http11NioProtocol:173  Initializing ProtocolHandler ["http-nio-8081"]
2021-01-31 22:46:18.822 [restartedMain] INFO  org.apache.catalina.core.StandardService:173  Starting service [Tomcat]
2021-01-31 22:46:18.822 [restartedMain] INFO  org.apache.catalina.core.StandardEngine:173  Starting Servlet engine: [Apache Tomcat/9.0.30]
2021-01-31 22:46:18.829 [restartedMain] INFO  o.a.c.core.ContainerBase.[Tomcat].[localhost].[/]:173  Initializing Spring embedded WebApplicationContext
2021-01-31 22:46:18.830 [restartedMain] INFO  org.springframework.web.context.ContextLoader:284  Root WebApplicationContext: initialization completed in 1025 ms
2021-01-31 22:46:19.194 [restartedMain] INFO  s.d.s.w.WebMvcPropertySourcedRequestMappingHandlerMapping:69   Mapped URL path [/v2/api-docs] onto method [springfox.documentation.swagger2.web.Swagger2ControllerWebMvc#getDocumentation(String, HttpServletRequest)]
2021-01-31 22:46:19.258 [restartedMain] INFO  o.s.scheduling.concurrent.ThreadPoolTaskExecutor:171  Initializing ExecutorService 'applicationTaskExecutor'
2021-01-31 22:46:19.378 [restartedMain] INFO  s.d.s.web.plugins.DocumentationPluginsBootstrapper:93   Documentation plugins bootstrapped
2021-01-31 22:46:19.379 [restartedMain] INFO  s.d.s.web.plugins.DocumentationPluginsBootstrapper:79   Found 1 custom documentation plugin(s)
2021-01-31 22:46:19.386 [restartedMain] INFO  s.d.spring.web.scanners.ApiListingReferenceScanner:44   Scanning for api listing references
2021-01-31 22:46:19.484 [restartedMain] INFO  s.d.s.w.r.operation.CachingOperationNameGenerator:41   Generating unique operation named: listUsingGET_1
2021-01-31 22:46:19.523 [restartedMain] INFO  s.d.s.w.r.operation.CachingOperationNameGenerator:41   Generating unique operation named: listUsingGET_2
2021-01-31 22:46:19.528 [restartedMain] INFO  org.apache.coyote.http11.Http11NioProtocol:173  Starting ProtocolHandler ["http-nio-8081"]
2021-01-31 22:46:19.531 [restartedMain] INFO  o.s.boot.web.embedded.tomcat.TomcatWebServer:204  Tomcat started on port(s): 8081 (http) with context path ''
2021-01-31 22:46:19.532 [restartedMain] INFO  com.shengfei.AdminApplication:61   Started AdminApplication in 1.779 seconds (JVM running for 369.552)
2021-01-31 22:46:19.534 [restartedMain] INFO  o.s.b.d.a.ConditionEvaluationDeltaLoggingListener:58   Condition evaluation delta:


==========================
CONDITION EVALUATION DELTA
==========================


Positive matches:
-----------------

   Swagger2DocumentationWebMvcConfiguration matched:
      - @ConditionalOnClass found required class 'springfox.documentation.spring.web.SpringfoxWebMvcConfiguration' (OnClassCondition)

   SwaggerConfiguration matched:
      - @ConditionalOnWebApplication (required) found 'session' scope (OnWebApplicationCondition)


Negative matches:
-----------------

   TransactionAutoConfiguration.EnableTransactionManagementConfiguration:
      Did not match:
         - @ConditionalOnBean (types: org.springframework.transaction.annotation.AbstractTransactionManagementConfiguration; SearchStrategy: all) found beans of type 'org.springframework.transaction.annotation.AbstractTransactionManagementConfiguration' org.springframework.transaction.annotation.ProxyTransactionManagementConfiguration (OnBeanCondition)

   TransactionAutoConfiguration.EnableTransactionManagementConfiguration.CglibAutoProxyConfiguration:
      Did not match:
         - Ancestor org.springframework.boot.autoconfigure.transaction.TransactionAutoConfiguration$EnableTransactionManagementConfiguration did not match (ConditionEvaluationReport.AncestorsMatchedCondition)
      Matched:
         - @ConditionalOnProperty (spring.aop.proxy-target-class=true) matched (OnPropertyCondition)

   ValidationAutoConfiguration#defaultValidator:
      Did not match:
         - @ConditionalOnBean (types: javax.validation.Validator; SearchStrategy: all) found beans of type 'javax.validation.Validator' validator (OnBeanCondition)

   ValidationAutoConfiguration#methodValidationPostProcessor:
      Did not match:
         - @ConditionalOnBean (types: org.springframework.validation.beanvalidation.MethodValidationPostProcessor; SearchStrategy: all) found beans of type 'org.springframework.validation.beanvalidation.MethodValidationPostProcessor' methodValidationPostProcessor (OnBeanCondition)


Exclusions:
-----------

    None


Unconditional classes:
----------------------

    None



2021-01-31 22:46:26.707 [http-nio-8081-exec-1] INFO  o.a.c.core.ContainerBase.[Tomcat].[localhost].[/]:173  Initializing Spring DispatcherServlet 'dispatcherServlet'
2021-01-31 22:46:26.710 [http-nio-8081-exec-1] INFO  org.springframework.web.servlet.DispatcherServlet:525  Initializing Servlet 'dispatcherServlet'
2021-01-31 22:46:26.715 [http-nio-8081-exec-1] INFO  org.springframework.web.servlet.DispatcherServlet:547  Completed initialization in 5 ms
2021-01-31 22:46:26.715 [http-nio-8081-exec-1] INFO  o.a.s.session.mgt.AbstractValidatingSessionManager:233  Enabling session validation scheduler...
2021-01-31 22:50:47.445 [SpringContextShutdownHook] INFO  o.s.scheduling.concurrent.ThreadPoolTaskExecutor:208  Shutting down ExecutorService 'applicationTaskExecutor'
2021-01-31 22:50:47.455 [SpringContextShutdownHook] INFO  o.a.s.session.mgt.AbstractValidatingSessionManager:250  Disabled session validation scheduler.
2021-01-31 22:50:47.523 [SpringContextShutdownHook] INFO  com.alibaba.druid.pool.DruidDataSource:1825 {dataSource-4} closed
2021-01-31 22:50:55.386 [restartedMain] INFO  com.shengfei.AdminApplication:55   Starting AdminApplication on wangyidideMacBook-Pro.local with PID 20765 (/Users/wangyd/Documents/git-project/shengfei/target/classes started by wangyd in /Users/wangyd/Documents/git-project/shengfei)
2021-01-31 22:50:55.390 [restartedMain] INFO  com.shengfei.AdminApplication:651  No active profile set, falling back to default profiles: default
2021-01-31 22:50:55.543 [restartedMain] INFO  o.s.b.d.env.DevToolsPropertyDefaultsPostProcessor:225  Devtools property defaults active! Set 'spring.devtools.add-properties' to 'false' to disable
2021-01-31 22:50:55.544 [restartedMain] INFO  o.s.b.d.env.DevToolsPropertyDefaultsPostProcessor:225  For additional web related logging consider setting the 'logging.level.web' property to 'DEBUG'
2021-01-31 22:50:57.159 [restartedMain] INFO  o.s.c.s.PostProcessorRegistrationDelegate$BeanPostProcessorChecker:330  Bean 'shiroConfig' of type [com.shengfei.config.ShiroConfig$$EnhancerBySpringCGLIB$$5c55e8a1] is not eligible for getting processed by all BeanPostProcessors (for example: not eligible for auto-proxying)
2021-01-31 22:50:57.202 [restartedMain] INFO  o.s.c.s.PostProcessorRegistrationDelegate$BeanPostProcessorChecker:330  Bean 'validatorConfiguration' of type [com.shengfei.config.ValidatorConfiguration$$EnhancerBySpringCGLIB$$3c8a14ca] is not eligible for getting processed by all BeanPostProcessors (for example: not eligible for auto-proxying)
2021-01-31 22:50:57.222 [restartedMain] INFO  o.s.c.s.PostProcessorRegistrationDelegate$BeanPostProcessorChecker:330  Bean 'validator' of type [org.hibernate.validator.internal.engine.ValidatorImpl] is not eligible for getting processed by all BeanPostProcessors (for example: not eligible for auto-proxying)
2021-01-31 22:50:57.229 [restartedMain] INFO  o.s.c.s.PostProcessorRegistrationDelegate$BeanPostProcessorChecker:330  Bean 'com.alibaba.druid.spring.boot.autoconfigure.stat.DruidSpringAopConfiguration' of type [com.alibaba.druid.spring.boot.autoconfigure.stat.DruidSpringAopConfiguration] is not eligible for getting processed by all BeanPostProcessors (for example: not eligible for auto-proxying)
2021-01-31 22:50:57.485 [restartedMain] INFO  o.s.c.s.PostProcessorRegistrationDelegate$BeanPostProcessorChecker:330  Bean 'mybatis-plus-com.baomidou.mybatisplus.autoconfigure.MybatisPlusProperties' of type [com.baomidou.mybatisplus.autoconfigure.MybatisPlusProperties] is not eligible for getting processed by all BeanPostProcessors (for example: not eligible for auto-proxying)
2021-01-31 22:50:57.488 [restartedMain] INFO  o.s.c.s.PostProcessorRegistrationDelegate$BeanPostProcessorChecker:330  Bean 'mybatisPlusConfig' of type [com.shengfei.config.MybatisPlusConfig$$EnhancerBySpringCGLIB$$aa23343d] is not eligible for getting processed by all BeanPostProcessors (for example: not eligible for auto-proxying)
2021-01-31 22:50:57.494 [restartedMain] INFO  o.s.c.s.PostProcessorRegistrationDelegate$BeanPostProcessorChecker:330  Bean 'mybatisPlusInterceptor' of type [com.baomidou.mybatisplus.extension.plugins.MybatisPlusInterceptor] is not eligible for getting processed by all BeanPostProcessors (for example: not eligible for auto-proxying)
2021-01-31 22:50:57.501 [restartedMain] INFO  o.s.c.s.PostProcessorRegistrationDelegate$BeanPostProcessorChecker:330  Bean 'com.baomidou.mybatisplus.autoconfigure.MybatisPlusAutoConfiguration' of type [com.baomidou.mybatisplus.autoconfigure.MybatisPlusAutoConfiguration$$EnhancerBySpringCGLIB$$93f0688f] is not eligible for getting processed by all BeanPostProcessors (for example: not eligible for auto-proxying)
2021-01-31 22:50:57.502 [restartedMain] INFO  o.s.c.s.PostProcessorRegistrationDelegate$BeanPostProcessorChecker:330  Bean 'com.alibaba.druid.spring.boot.autoconfigure.DruidDataSourceAutoConfigure' of type [com.alibaba.druid.spring.boot.autoconfigure.DruidDataSourceAutoConfigure$$EnhancerBySpringCGLIB$$6fd3f167] is not eligible for getting processed by all BeanPostProcessors (for example: not eligible for auto-proxying)
2021-01-31 22:50:57.505 [restartedMain] INFO  c.a.d.s.b.a.DruidDataSourceAutoConfigure:56   Init DruidDataSource
2021-01-31 22:50:57.582 [restartedMain] INFO  o.s.c.s.PostProcessorRegistrationDelegate$BeanPostProcessorChecker:330  Bean 'spring.datasource-org.springframework.boot.autoconfigure.jdbc.DataSourceProperties' of type [org.springframework.boot.autoconfigure.jdbc.DataSourceProperties] is not eligible for getting processed by all BeanPostProcessors (for example: not eligible for auto-proxying)
2021-01-31 22:50:57.585 [restartedMain] INFO  o.s.c.s.PostProcessorRegistrationDelegate$BeanPostProcessorChecker:330  Bean 'com.alibaba.druid.spring.boot.autoconfigure.stat.DruidFilterConfiguration' of type [com.alibaba.druid.spring.boot.autoconfigure.stat.DruidFilterConfiguration] is not eligible for getting processed by all BeanPostProcessors (for example: not eligible for auto-proxying)
2021-01-31 22:50:57.610 [restartedMain] INFO  o.s.c.s.PostProcessorRegistrationDelegate$BeanPostProcessorChecker:330  Bean 'statFilter' of type [com.alibaba.druid.filter.stat.StatFilter] is not eligible for getting processed by all BeanPostProcessors (for example: not eligible for auto-proxying)
2021-01-31 22:50:58.909 [restartedMain] INFO  com.alibaba.druid.pool.DruidDataSource:930  {dataSource-1} inited
2021-01-31 22:50:58.910 [restartedMain] INFO  o.s.c.s.PostProcessorRegistrationDelegate$BeanPostProcessorChecker:330  Bean 'dataSource' of type [com.alibaba.druid.spring.boot.autoconfigure.DruidDataSourceWrapper] is not eligible for getting processed by all BeanPostProcessors (for example: not eligible for auto-proxying)
2021-01-31 22:50:58.988 [restartedMain] INFO  o.s.c.s.PostProcessorRegistrationDelegate$BeanPostProcessorChecker:330  Bean 'sqlSessionFactory' of type [org.apache.ibatis.session.defaults.DefaultSqlSessionFactory] is not eligible for getting processed by all BeanPostProcessors (for example: not eligible for auto-proxying)
2021-01-31 22:50:58.993 [restartedMain] INFO  o.s.c.s.PostProcessorRegistrationDelegate$BeanPostProcessorChecker:330  Bean 'sqlSessionTemplate' of type [org.mybatis.spring.SqlSessionTemplate] is not eligible for getting processed by all BeanPostProcessors (for example: not eligible for auto-proxying)
2021-01-31 22:50:59.277 [restartedMain] INFO  o.s.c.s.PostProcessorRegistrationDelegate$BeanPostProcessorChecker:330  Bean 'roleMapper' of type [org.mybatis.spring.mapper.MapperFactoryBean] is not eligible for getting processed by all BeanPostProcessors (for example: not eligible for auto-proxying)
2021-01-31 22:50:59.284 [restartedMain] INFO  o.s.c.s.PostProcessorRegistrationDelegate$BeanPostProcessorChecker:330  Bean 'roleMapper' of type [com.sun.proxy.$Proxy85] is not eligible for getting processed by all BeanPostProcessors (for example: not eligible for auto-proxying)
2021-01-31 22:50:59.285 [restartedMain] INFO  o.s.c.s.PostProcessorRegistrationDelegate$BeanPostProcessorChecker:330  Bean 'roleServiceImpl' of type [com.shengfei.service.impl.RoleServiceImpl] is not eligible for getting processed by all BeanPostProcessors (for example: not eligible for auto-proxying)
2021-01-31 22:50:59.324 [restartedMain] INFO  o.s.c.s.PostProcessorRegistrationDelegate$BeanPostProcessorChecker:330  Bean 'permissionMapper' of type [org.mybatis.spring.mapper.MapperFactoryBean] is not eligible for getting processed by all BeanPostProcessors (for example: not eligible for auto-proxying)
2021-01-31 22:50:59.327 [restartedMain] INFO  o.s.c.s.PostProcessorRegistrationDelegate$BeanPostProcessorChecker:330  Bean 'permissionMapper' of type [com.sun.proxy.$Proxy87] is not eligible for getting processed by all BeanPostProcessors (for example: not eligible for auto-proxying)
2021-01-31 22:50:59.328 [restartedMain] INFO  o.s.c.s.PostProcessorRegistrationDelegate$BeanPostProcessorChecker:330  Bean 'permissionServiceImpl' of type [com.shengfei.service.impl.PermissionServiceImpl] is not eligible for getting processed by all BeanPostProcessors (for example: not eligible for auto-proxying)
2021-01-31 22:50:59.329 [restartedMain] INFO  o.s.c.s.PostProcessorRegistrationDelegate$BeanPostProcessorChecker:330  Bean 'shiroRealm' of type [com.shengfei.shiro.auth.AuthRealm] is not eligible for getting processed by all BeanPostProcessors (for example: not eligible for auto-proxying)
2021-01-31 22:50:59.344 [restartedMain] INFO  o.s.c.s.PostProcessorRegistrationDelegate$BeanPostProcessorChecker:330  Bean 'redisManager' of type [com.shengfei.shiro.RedisManager] is not eligible for getting processed by all BeanPostProcessors (for example: not eligible for auto-proxying)
2021-01-31 22:50:59.348 [restartedMain] INFO  o.s.c.s.PostProcessorRegistrationDelegate$BeanPostProcessorChecker:330  Bean 'sessionIdCookie' of type [org.apache.shiro.web.servlet.SimpleCookie] is not eligible for getting processed by all BeanPostProcessors (for example: not eligible for auto-proxying)
2021-01-31 22:50:59.352 [restartedMain] INFO  o.s.c.s.PostProcessorRegistrationDelegate$BeanPostProcessorChecker:330  Bean 'sessionDAO' of type [com.shengfei.shiro.RedisSessionDAO] is not eligible for getting processed by all BeanPostProcessors (for example: not eligible for auto-proxying)
2021-01-31 22:50:59.354 [restartedMain] INFO  o.s.c.s.PostProcessorRegistrationDelegate$BeanPostProcessorChecker:330  Bean 'sessionManager' of type [org.apache.shiro.web.session.mgt.DefaultWebSessionManager] is not eligible for getting processed by all BeanPostProcessors (for example: not eligible for auto-proxying)
2021-01-31 22:50:59.357 [restartedMain] INFO  o.s.c.s.PostProcessorRegistrationDelegate$BeanPostProcessorChecker:330  Bean 'securityManager' of type [org.apache.shiro.web.mgt.DefaultWebSecurityManager] is not eligible for getting processed by all BeanPostProcessors (for example: not eligible for auto-proxying)
2021-01-31 22:50:59.368 [restartedMain] INFO  o.s.c.s.PostProcessorRegistrationDelegate$BeanPostProcessorChecker:330  Bean 'org.springframework.transaction.annotation.ProxyTransactionManagementConfiguration' of type [org.springframework.transaction.annotation.ProxyTransactionManagementConfiguration] is not eligible for getting processed by all BeanPostProcessors (for example: not eligible for auto-proxying)
2021-01-31 22:50:59.377 [restartedMain] INFO  o.s.c.s.PostProcessorRegistrationDelegate$BeanPostProcessorChecker:330  Bean 'authorizationAttributeSourceAdvisor' of type [org.apache.shiro.spring.security.interceptor.AuthorizationAttributeSourceAdvisor] is not eligible for getting processed by all BeanPostProcessors (for example: not eligible for auto-proxying)
2021-01-31 22:50:59.383 [restartedMain] INFO  o.s.c.s.PostProcessorRegistrationDelegate$BeanPostProcessorChecker:330  Bean 'spring.datasource.druid-com.alibaba.druid.spring.boot.autoconfigure.properties.DruidStatProperties' of type [com.alibaba.druid.spring.boot.autoconfigure.properties.DruidStatProperties] is not eligible for getting processed by all BeanPostProcessors (for example: not eligible for auto-proxying)
2021-01-31 22:50:59.387 [restartedMain] INFO  o.s.c.s.PostProcessorRegistrationDelegate$BeanPostProcessorChecker:330  Bean 'advisor' of type [org.springframework.aop.support.RegexpMethodPointcutAdvisor] is not eligible for getting processed by all BeanPostProcessors (for example: not eligible for auto-proxying)
2021-01-31 22:50:59.738 [restartedMain] INFO  o.s.boot.web.embedded.tomcat.TomcatWebServer:92   Tomcat initialized with port(s): 8081 (http)
2021-01-31 22:50:59.747 [restartedMain] INFO  org.apache.coyote.http11.Http11NioProtocol:173  Initializing ProtocolHandler ["http-nio-8081"]
2021-01-31 22:50:59.748 [restartedMain] INFO  org.apache.catalina.core.StandardService:173  Starting service [Tomcat]
2021-01-31 22:50:59.751 [restartedMain] INFO  org.apache.catalina.core.StandardEngine:173  Starting Servlet engine: [Apache Tomcat/9.0.30]
2021-01-31 22:50:59.922 [restartedMain] INFO  o.a.c.core.ContainerBase.[Tomcat].[localhost].[/]:173  Initializing Spring embedded WebApplicationContext
2021-01-31 22:50:59.925 [restartedMain] INFO  org.springframework.web.context.ContextLoader:284  Root WebApplicationContext: initialization completed in 4381 ms
2021-01-31 22:51:05.925 [restartedMain] INFO  com.shengfei.AdminApplication:55   Starting AdminApplication on wangyidideMacBook-Pro.local with PID 20781 (/Users/wangyd/Documents/git-project/shengfei/target/classes started by wangyd in /Users/wangyd/Documents/git-project/shengfei)
2021-01-31 22:51:05.931 [restartedMain] INFO  com.shengfei.AdminApplication:651  No active profile set, falling back to default profiles: default
2021-01-31 22:51:05.985 [restartedMain] INFO  o.s.b.d.env.DevToolsPropertyDefaultsPostProcessor:225  Devtools property defaults active! Set 'spring.devtools.add-properties' to 'false' to disable
2021-01-31 22:51:05.986 [restartedMain] INFO  o.s.b.d.env.DevToolsPropertyDefaultsPostProcessor:225  For additional web related logging consider setting the 'logging.level.web' property to 'DEBUG'
2021-01-31 22:51:07.315 [restartedMain] INFO  o.s.c.s.PostProcessorRegistrationDelegate$BeanPostProcessorChecker:330  Bean 'shiroConfig' of type [com.shengfei.config.ShiroConfig$$EnhancerBySpringCGLIB$$556b0a1d] is not eligible for getting processed by all BeanPostProcessors (for example: not eligible for auto-proxying)
2021-01-31 22:51:07.365 [restartedMain] INFO  o.s.c.s.PostProcessorRegistrationDelegate$BeanPostProcessorChecker:330  Bean 'validatorConfiguration' of type [com.shengfei.config.ValidatorConfiguration$$EnhancerBySpringCGLIB$$359f3646] is not eligible for getting processed by all BeanPostProcessors (for example: not eligible for auto-proxying)
2021-01-31 22:51:07.395 [restartedMain] INFO  o.s.c.s.PostProcessorRegistrationDelegate$BeanPostProcessorChecker:330  Bean 'validator' of type [org.hibernate.validator.internal.engine.ValidatorImpl] is not eligible for getting processed by all BeanPostProcessors (for example: not eligible for auto-proxying)
2021-01-31 22:51:07.406 [restartedMain] INFO  o.s.c.s.PostProcessorRegistrationDelegate$BeanPostProcessorChecker:330  Bean 'com.alibaba.druid.spring.boot.autoconfigure.stat.DruidSpringAopConfiguration' of type [com.alibaba.druid.spring.boot.autoconfigure.stat.DruidSpringAopConfiguration] is not eligible for getting processed by all BeanPostProcessors (for example: not eligible for auto-proxying)
2021-01-31 22:51:07.621 [restartedMain] INFO  o.s.c.s.PostProcessorRegistrationDelegate$BeanPostProcessorChecker:330  Bean 'mybatis-plus-com.baomidou.mybatisplus.autoconfigure.MybatisPlusProperties' of type [com.baomidou.mybatisplus.autoconfigure.MybatisPlusProperties] is not eligible for getting processed by all BeanPostProcessors (for example: not eligible for auto-proxying)
2021-01-31 22:51:07.626 [restartedMain] INFO  o.s.c.s.PostProcessorRegistrationDelegate$BeanPostProcessorChecker:330  Bean 'mybatisPlusConfig' of type [com.shengfei.config.MybatisPlusConfig$$EnhancerBySpringCGLIB$$a33855b9] is not eligible for getting processed by all BeanPostProcessors (for example: not eligible for auto-proxying)
2021-01-31 22:51:07.635 [restartedMain] INFO  o.s.c.s.PostProcessorRegistrationDelegate$BeanPostProcessorChecker:330  Bean 'mybatisPlusInterceptor' of type [com.baomidou.mybatisplus.extension.plugins.MybatisPlusInterceptor] is not eligible for getting processed by all BeanPostProcessors (for example: not eligible for auto-proxying)
2021-01-31 22:51:07.647 [restartedMain] INFO  o.s.c.s.PostProcessorRegistrationDelegate$BeanPostProcessorChecker:330  Bean 'com.baomidou.mybatisplus.autoconfigure.MybatisPlusAutoConfiguration' of type [com.baomidou.mybatisplus.autoconfigure.MybatisPlusAutoConfiguration$$EnhancerBySpringCGLIB$$8d058a0b] is not eligible for getting processed by all BeanPostProcessors (for example: not eligible for auto-proxying)
2021-01-31 22:51:07.649 [restartedMain] INFO  o.s.c.s.PostProcessorRegistrationDelegate$BeanPostProcessorChecker:330  Bean 'com.alibaba.druid.spring.boot.autoconfigure.DruidDataSourceAutoConfigure' of type [com.alibaba.druid.spring.boot.autoconfigure.DruidDataSourceAutoConfigure$$EnhancerBySpringCGLIB$$68e912e3] is not eligible for getting processed by all BeanPostProcessors (for example: not eligible for auto-proxying)
2021-01-31 22:51:07.653 [restartedMain] INFO  c.a.d.s.b.a.DruidDataSourceAutoConfigure:56   Init DruidDataSource
2021-01-31 22:51:07.801 [restartedMain] INFO  o.s.c.s.PostProcessorRegistrationDelegate$BeanPostProcessorChecker:330  Bean 'spring.datasource-org.springframework.boot.autoconfigure.jdbc.DataSourceProperties' of type [org.springframework.boot.autoconfigure.jdbc.DataSourceProperties] is not eligible for getting processed by all BeanPostProcessors (for example: not eligible for auto-proxying)
2021-01-31 22:51:07.805 [restartedMain] INFO  o.s.c.s.PostProcessorRegistrationDelegate$BeanPostProcessorChecker:330  Bean 'com.alibaba.druid.spring.boot.autoconfigure.stat.DruidFilterConfiguration' of type [com.alibaba.druid.spring.boot.autoconfigure.stat.DruidFilterConfiguration] is not eligible for getting processed by all BeanPostProcessors (for example: not eligible for auto-proxying)
2021-01-31 22:51:07.826 [restartedMain] INFO  o.s.c.s.PostProcessorRegistrationDelegate$BeanPostProcessorChecker:330  Bean 'statFilter' of type [com.alibaba.druid.filter.stat.StatFilter] is not eligible for getting processed by all BeanPostProcessors (for example: not eligible for auto-proxying)
2021-01-31 22:51:09.143 [restartedMain] INFO  com.alibaba.druid.pool.DruidDataSource:930  {dataSource-1} inited
2021-01-31 22:51:09.144 [restartedMain] INFO  o.s.c.s.PostProcessorRegistrationDelegate$BeanPostProcessorChecker:330  Bean 'dataSource' of type [com.alibaba.druid.spring.boot.autoconfigure.DruidDataSourceWrapper] is not eligible for getting processed by all BeanPostProcessors (for example: not eligible for auto-proxying)
2021-01-31 22:51:09.409 [restartedMain] INFO  o.s.c.s.PostProcessorRegistrationDelegate$BeanPostProcessorChecker:330  Bean 'sqlSessionFactory' of type [org.apache.ibatis.session.defaults.DefaultSqlSessionFactory] is not eligible for getting processed by all BeanPostProcessors (for example: not eligible for auto-proxying)
2021-01-31 22:51:16.651 [restartedMain] INFO  com.shengfei.AdminApplication:55   Starting AdminApplication on wangyidideMacBook-Pro.local with PID 20791 (/Users/wangyd/Documents/git-project/shengfei/target/classes started by wangyd in /Users/wangyd/Documents/git-project/shengfei)
2021-01-31 22:51:16.656 [restartedMain] INFO  com.shengfei.AdminApplication:651  No active profile set, falling back to default profiles: default
2021-01-31 22:51:16.802 [restartedMain] INFO  o.s.b.d.env.DevToolsPropertyDefaultsPostProcessor:225  Devtools property defaults active! Set 'spring.devtools.add-properties' to 'false' to disable
2021-01-31 22:51:16.803 [restartedMain] INFO  o.s.b.d.env.DevToolsPropertyDefaultsPostProcessor:225  For additional web related logging consider setting the 'logging.level.web' property to 'DEBUG'
2021-01-31 22:51:22.041 [restartedMain] INFO  com.shengfei.AdminApplication:55   Starting AdminApplication on wangyidideMacBook-Pro.local with PID 20799 (/Users/wangyd/Documents/git-project/shengfei/target/classes started by wangyd in /Users/wangyd/Documents/git-project/shengfei)
2021-01-31 22:51:22.046 [restartedMain] INFO  com.shengfei.AdminApplication:651  No active profile set, falling back to default profiles: default
2021-01-31 22:51:22.093 [restartedMain] INFO  o.s.b.d.env.DevToolsPropertyDefaultsPostProcessor:225  Devtools property defaults active! Set 'spring.devtools.add-properties' to 'false' to disable
2021-01-31 22:51:22.093 [restartedMain] INFO  o.s.b.d.env.DevToolsPropertyDefaultsPostProcessor:225  For additional web related logging consider setting the 'logging.level.web' property to 'DEBUG'
2021-01-31 22:51:23.070 [restartedMain] INFO  o.s.c.s.PostProcessorRegistrationDelegate$BeanPostProcessorChecker:330  Bean 'shiroConfig' of type [com.shengfei.config.ShiroConfig$$EnhancerBySpringCGLIB$$bc8a251a] is not eligible for getting processed by all BeanPostProcessors (for example: not eligible for auto-proxying)
2021-01-31 22:51:23.101 [restartedMain] INFO  o.s.c.s.PostProcessorRegistrationDelegate$BeanPostProcessorChecker:330  Bean 'validatorConfiguration' of type [com.shengfei.config.ValidatorConfiguration$$EnhancerBySpringCGLIB$$9cbe5143] is not eligible for getting processed by all BeanPostProcessors (for example: not eligible for auto-proxying)
2021-01-31 22:51:23.119 [restartedMain] INFO  o.s.c.s.PostProcessorRegistrationDelegate$BeanPostProcessorChecker:330  Bean 'validator' of type [org.hibernate.validator.internal.engine.ValidatorImpl] is not eligible for getting processed by all BeanPostProcessors (for example: not eligible for auto-proxying)
2021-01-31 22:51:23.126 [restartedMain] INFO  o.s.c.s.PostProcessorRegistrationDelegate$BeanPostProcessorChecker:330  Bean 'com.alibaba.druid.spring.boot.autoconfigure.stat.DruidSpringAopConfiguration' of type [com.alibaba.druid.spring.boot.autoconfigure.stat.DruidSpringAopConfiguration] is not eligible for getting processed by all BeanPostProcessors (for example: not eligible for auto-proxying)
2021-01-31 22:51:23.334 [restartedMain] INFO  o.s.c.s.PostProcessorRegistrationDelegate$BeanPostProcessorChecker:330  Bean 'mybatis-plus-com.baomidou.mybatisplus.autoconfigure.MybatisPlusProperties' of type [com.baomidou.mybatisplus.autoconfigure.MybatisPlusProperties] is not eligible for getting processed by all BeanPostProcessors (for example: not eligible for auto-proxying)
2021-01-31 22:51:23.337 [restartedMain] INFO  o.s.c.s.PostProcessorRegistrationDelegate$BeanPostProcessorChecker:330  Bean 'mybatisPlusConfig' of type [com.shengfei.config.MybatisPlusConfig$$EnhancerBySpringCGLIB$$a5770b6] is not eligible for getting processed by all BeanPostProcessors (for example: not eligible for auto-proxying)
2021-01-31 22:51:23.344 [restartedMain] INFO  o.s.c.s.PostProcessorRegistrationDelegate$BeanPostProcessorChecker:330  Bean 'mybatisPlusInterceptor' of type [com.baomidou.mybatisplus.extension.plugins.MybatisPlusInterceptor] is not eligible for getting processed by all BeanPostProcessors (for example: not eligible for auto-proxying)
2021-01-31 22:51:23.349 [restartedMain] INFO  o.s.c.s.PostProcessorRegistrationDelegate$BeanPostProcessorChecker:330  Bean 'com.baomidou.mybatisplus.autoconfigure.MybatisPlusAutoConfiguration' of type [com.baomidou.mybatisplus.autoconfigure.MybatisPlusAutoConfiguration$$EnhancerBySpringCGLIB$$f424a508] is not eligible for getting processed by all BeanPostProcessors (for example: not eligible for auto-proxying)
2021-01-31 22:51:23.351 [restartedMain] INFO  o.s.c.s.PostProcessorRegistrationDelegate$BeanPostProcessorChecker:330  Bean 'com.alibaba.druid.spring.boot.autoconfigure.DruidDataSourceAutoConfigure' of type [com.alibaba.druid.spring.boot.autoconfigure.DruidDataSourceAutoConfigure$$EnhancerBySpringCGLIB$$d0082de0] is not eligible for getting processed by all BeanPostProcessors (for example: not eligible for auto-proxying)
2021-01-31 22:51:23.354 [restartedMain] INFO  c.a.d.s.b.a.DruidDataSourceAutoConfigure:56   Init DruidDataSource
2021-01-31 22:51:23.405 [restartedMain] INFO  o.s.c.s.PostProcessorRegistrationDelegate$BeanPostProcessorChecker:330  Bean 'spring.datasource-org.springframework.boot.autoconfigure.jdbc.DataSourceProperties' of type [org.springframework.boot.autoconfigure.jdbc.DataSourceProperties] is not eligible for getting processed by all BeanPostProcessors (for example: not eligible for auto-proxying)
2021-01-31 22:51:23.407 [restartedMain] INFO  o.s.c.s.PostProcessorRegistrationDelegate$BeanPostProcessorChecker:330  Bean 'com.alibaba.druid.spring.boot.autoconfigure.stat.DruidFilterConfiguration' of type [com.alibaba.druid.spring.boot.autoconfigure.stat.DruidFilterConfiguration] is not eligible for getting processed by all BeanPostProcessors (for example: not eligible for auto-proxying)
2021-01-31 22:51:23.425 [restartedMain] INFO  o.s.c.s.PostProcessorRegistrationDelegate$BeanPostProcessorChecker:330  Bean 'statFilter' of type [com.alibaba.druid.filter.stat.StatFilter] is not eligible for getting processed by all BeanPostProcessors (for example: not eligible for auto-proxying)
2021-01-31 22:51:24.225 [restartedMain] INFO  com.alibaba.druid.pool.DruidDataSource:930  {dataSource-1} inited
2021-01-31 22:51:24.227 [restartedMain] INFO  o.s.c.s.PostProcessorRegistrationDelegate$BeanPostProcessorChecker:330  Bean 'dataSource' of type [com.alibaba.druid.spring.boot.autoconfigure.DruidDataSourceWrapper] is not eligible for getting processed by all BeanPostProcessors (for example: not eligible for auto-proxying)
2021-01-31 22:51:24.293 [restartedMain] INFO  o.s.c.s.PostProcessorRegistrationDelegate$BeanPostProcessorChecker:330  Bean 'sqlSessionFactory' of type [org.apache.ibatis.session.defaults.DefaultSqlSessionFactory] is not eligible for getting processed by all BeanPostProcessors (for example: not eligible for auto-proxying)
2021-01-31 22:51:24.298 [restartedMain] INFO  o.s.c.s.PostProcessorRegistrationDelegate$BeanPostProcessorChecker:330  Bean 'sqlSessionTemplate' of type [org.mybatis.spring.SqlSessionTemplate] is not eligible for getting processed by all BeanPostProcessors (for example: not eligible for auto-proxying)
2021-01-31 22:51:24.449 [restartedMain] INFO  o.s.c.s.PostProcessorRegistrationDelegate$BeanPostProcessorChecker:330  Bean 'roleMapper' of type [org.mybatis.spring.mapper.MapperFactoryBean] is not eligible for getting processed by all BeanPostProcessors (for example: not eligible for auto-proxying)
2021-01-31 22:51:24.453 [restartedMain] INFO  o.s.c.s.PostProcessorRegistrationDelegate$BeanPostProcessorChecker:330  Bean 'roleMapper' of type [com.sun.proxy.$Proxy85] is not eligible for getting processed by all BeanPostProcessors (for example: not eligible for auto-proxying)
2021-01-31 22:51:24.453 [restartedMain] INFO  o.s.c.s.PostProcessorRegistrationDelegate$BeanPostProcessorChecker:330  Bean 'roleServiceImpl' of type [com.shengfei.service.impl.RoleServiceImpl] is not eligible for getting processed by all BeanPostProcessors (for example: not eligible for auto-proxying)
2021-01-31 22:51:24.492 [restartedMain] INFO  o.s.c.s.PostProcessorRegistrationDelegate$BeanPostProcessorChecker:330  Bean 'permissionMapper' of type [org.mybatis.spring.mapper.MapperFactoryBean] is not eligible for getting processed by all BeanPostProcessors (for example: not eligible for auto-proxying)
2021-01-31 22:51:24.493 [restartedMain] INFO  o.s.c.s.PostProcessorRegistrationDelegate$BeanPostProcessorChecker:330  Bean 'permissionMapper' of type [com.sun.proxy.$Proxy87] is not eligible for getting processed by all BeanPostProcessors (for example: not eligible for auto-proxying)
2021-01-31 22:51:24.494 [restartedMain] INFO  o.s.c.s.PostProcessorRegistrationDelegate$BeanPostProcessorChecker:330  Bean 'permissionServiceImpl' of type [com.shengfei.service.impl.PermissionServiceImpl] is not eligible for getting processed by all BeanPostProcessors (for example: not eligible for auto-proxying)
2021-01-31 22:51:24.496 [restartedMain] INFO  o.s.c.s.PostProcessorRegistrationDelegate$BeanPostProcessorChecker:330  Bean 'shiroRealm' of type [com.shengfei.shiro.auth.AuthRealm] is not eligible for getting processed by all BeanPostProcessors (for example: not eligible for auto-proxying)
2021-01-31 22:51:24.511 [restartedMain] INFO  o.s.c.s.PostProcessorRegistrationDelegate$BeanPostProcessorChecker:330  Bean 'redisManager' of type [com.shengfei.shiro.RedisManager] is not eligible for getting processed by all BeanPostProcessors (for example: not eligible for auto-proxying)
2021-01-31 22:51:24.517 [restartedMain] INFO  o.s.c.s.PostProcessorRegistrationDelegate$BeanPostProcessorChecker:330  Bean 'sessionIdCookie' of type [org.apache.shiro.web.servlet.SimpleCookie] is not eligible for getting processed by all BeanPostProcessors (for example: not eligible for auto-proxying)
2021-01-31 22:51:24.519 [restartedMain] INFO  o.s.c.s.PostProcessorRegistrationDelegate$BeanPostProcessorChecker:330  Bean 'sessionDAO' of type [com.shengfei.shiro.RedisSessionDAO] is not eligible for getting processed by all BeanPostProcessors (for example: not eligible for auto-proxying)
2021-01-31 22:51:24.522 [restartedMain] INFO  o.s.c.s.PostProcessorRegistrationDelegate$BeanPostProcessorChecker:330  Bean 'sessionManager' of type [org.apache.shiro.web.session.mgt.DefaultWebSessionManager] is not eligible for getting processed by all BeanPostProcessors (for example: not eligible for auto-proxying)
2021-01-31 22:51:24.524 [restartedMain] INFO  o.s.c.s.PostProcessorRegistrationDelegate$BeanPostProcessorChecker:330  Bean 'securityManager' of type [org.apache.shiro.web.mgt.DefaultWebSecurityManager] is not eligible for getting processed by all BeanPostProcessors (for example: not eligible for auto-proxying)
2021-01-31 22:51:24.538 [restartedMain] INFO  o.s.c.s.PostProcessorRegistrationDelegate$BeanPostProcessorChecker:330  Bean 'org.springframework.transaction.annotation.ProxyTransactionManagementConfiguration' of type [org.springframework.transaction.annotation.ProxyTransactionManagementConfiguration] is not eligible for getting processed by all BeanPostProcessors (for example: not eligible for auto-proxying)
2021-01-31 22:51:24.547 [restartedMain] INFO  o.s.c.s.PostProcessorRegistrationDelegate$BeanPostProcessorChecker:330  Bean 'authorizationAttributeSourceAdvisor' of type [org.apache.shiro.spring.security.interceptor.AuthorizationAttributeSourceAdvisor] is not eligible for getting processed by all BeanPostProcessors (for example: not eligible for auto-proxying)
2021-01-31 22:51:24.552 [restartedMain] INFO  o.s.c.s.PostProcessorRegistrationDelegate$BeanPostProcessorChecker:330  Bean 'spring.datasource.druid-com.alibaba.druid.spring.boot.autoconfigure.properties.DruidStatProperties' of type [com.alibaba.druid.spring.boot.autoconfigure.properties.DruidStatProperties] is not eligible for getting processed by all BeanPostProcessors (for example: not eligible for auto-proxying)
2021-01-31 22:51:24.557 [restartedMain] INFO  o.s.c.s.PostProcessorRegistrationDelegate$BeanPostProcessorChecker:330  Bean 'advisor' of type [org.springframework.aop.support.RegexpMethodPointcutAdvisor] is not eligible for getting processed by all BeanPostProcessors (for example: not eligible for auto-proxying)
2021-01-31 22:51:24.826 [restartedMain] INFO  o.s.boot.web.embedded.tomcat.TomcatWebServer:92   Tomcat initialized with port(s): 8081 (http)
2021-01-31 22:51:24.835 [restartedMain] INFO  org.apache.coyote.http11.Http11NioProtocol:173  Initializing ProtocolHandler ["http-nio-8081"]
2021-01-31 22:51:24.836 [restartedMain] INFO  org.apache.catalina.core.StandardService:173  Starting service [Tomcat]
2021-01-31 22:51:24.836 [restartedMain] INFO  org.apache.catalina.core.StandardEngine:173  Starting Servlet engine: [Apache Tomcat/9.0.30]
2021-01-31 22:51:24.915 [restartedMain] INFO  o.a.c.core.ContainerBase.[Tomcat].[localhost].[/]:173  Initializing Spring embedded WebApplicationContext
2021-01-31 22:51:24.915 [restartedMain] INFO  org.springframework.web.context.ContextLoader:284  Root WebApplicationContext: initialization completed in 2822 ms
2021-01-31 22:51:25.486 [restartedMain] INFO  s.d.s.w.WebMvcPropertySourcedRequestMappingHandlerMapping:69   Mapped URL path [/v2/api-docs] onto method [springfox.documentation.swagger2.web.Swagger2ControllerWebMvc#getDocumentation(String, HttpServletRequest)]
2021-01-31 22:51:25.595 [restartedMain] INFO  o.s.scheduling.concurrent.ThreadPoolTaskExecutor:171  Initializing ExecutorService 'applicationTaskExecutor'
2021-01-31 22:51:25.841 [restartedMain] INFO  s.d.s.web.plugins.DocumentationPluginsBootstrapper:93   Documentation plugins bootstrapped
2021-01-31 22:51:25.845 [restartedMain] INFO  s.d.s.web.plugins.DocumentationPluginsBootstrapper:79   Found 1 custom documentation plugin(s)
2021-01-31 22:51:25.876 [restartedMain] INFO  s.d.spring.web.scanners.ApiListingReferenceScanner:44   Scanning for api listing references
2021-01-31 22:51:26.015 [restartedMain] INFO  s.d.s.w.r.operation.CachingOperationNameGenerator:41   Generating unique operation named: listUsingGET_1
2021-01-31 22:51:26.058 [restartedMain] INFO  s.d.s.w.r.operation.CachingOperationNameGenerator:41   Generating unique operation named: listUsingGET_2
2021-01-31 22:51:26.073 [restartedMain] INFO  org.apache.coyote.http11.Http11NioProtocol:173  Starting ProtocolHandler ["http-nio-8081"]
2021-01-31 22:51:26.111 [restartedMain] INFO  o.s.boot.web.embedded.tomcat.TomcatWebServer:204  Tomcat started on port(s): 8081 (http) with context path ''
2021-01-31 22:51:26.115 [restartedMain] INFO  com.shengfei.AdminApplication:61   Started AdminApplication in 4.93 seconds (JVM running for 5.89)
2021-01-31 22:51:31.542 [http-nio-8081-exec-1] INFO  o.a.c.core.ContainerBase.[Tomcat].[localhost].[/]:173  Initializing Spring DispatcherServlet 'dispatcherServlet'
2021-01-31 22:51:31.543 [http-nio-8081-exec-1] INFO  org.springframework.web.servlet.DispatcherServlet:525  Initializing Servlet 'dispatcherServlet'
2021-01-31 22:51:31.553 [http-nio-8081-exec-1] INFO  org.springframework.web.servlet.DispatcherServlet:547  Completed initialization in 9 ms
2021-01-31 22:51:31.573 [http-nio-8081-exec-1] INFO  o.a.s.session.mgt.AbstractValidatingSessionManager:233  Enabling session validation scheduler...
