2021-01-31 22:40:13.891 [restartedMain] WARN  org.mybatis.spring.mapper.ClassPathMapperScanner:44   Skipping MapperFactoryBean with name 'logMapper' and 'com.shengfei.mapper.LogMapper' mapperInterface. Bean already defined with the same name!
2021-01-31 22:40:13.891 [restartedMain] WARN  org.mybatis.spring.mapper.ClassPathMapperScanner:44   Skipping MapperFactoryBean with name 'permissionMapper' and 'com.shengfei.mapper.PermissionMapper' mapperInterface. Bean already defined with the same name!
2021-01-31 22:40:13.892 [restartedMain] WARN  org.mybatis.spring.mapper.ClassPathMapperScanner:44   Skipping MapperFactoryBean with name 'roleMapper' and 'com.shengfei.mapper.RoleMapper' mapperInterface. Bean already defined with the same name!
2021-01-31 22:40:13.892 [restartedMain] WARN  org.mybatis.spring.mapper.ClassPathMapperScanner:44   Skipping MapperFactoryBean with name 'tokenMapper' and 'com.shengfei.mapper.TokenMapper' mapperInterface. Bean already defined with the same name!
2021-01-31 22:40:13.893 [restartedMain] WARN  org.mybatis.spring.mapper.ClassPathMapperScanner:44   Skipping MapperFactoryBean with name 'userMapper' and 'com.shengfei.mapper.UserMapper' mapperInterface. Bean already defined with the same name!
2021-01-31 22:40:13.894 [restartedMain] WARN  org.mybatis.spring.mapper.ClassPathMapperScanner:44   No MyBatis mapper was found in '[com.shengfei.mapper]' package. Please check your configuration.
2021-01-31 22:40:17.039 [restartedMain] WARN  o.s.b.d.autoconfigure.OptionalLiveReloadServer:61   Unable to start LiveReload server
2021-01-31 22:45:03.773 [restartedMain] WARN  org.mybatis.spring.mapper.ClassPathMapperScanner:44   No MyBatis mapper was found in '[com.shengfei.mapper]' package. Please check your configuration.
2021-01-31 22:45:05.179 [restartedMain] WARN  o.s.b.d.autoconfigure.OptionalLiveReloadServer:61   Unable to start LiveReload server
2021-01-31 22:46:13.551 [restartedMain] WARN  org.mybatis.spring.mapper.ClassPathMapperScanner:44   No MyBatis mapper was found in '[com.shengfei.mapper]' package. Please check your configuration.
2021-01-31 22:46:14.672 [restartedMain] WARN  o.s.b.d.autoconfigure.OptionalLiveReloadServer:61   Unable to start LiveReload server
2021-01-31 22:46:18.137 [restartedMain] WARN  org.mybatis.spring.mapper.ClassPathMapperScanner:44   Skipping MapperFactoryBean with name 'logMapper' and 'com.shengfei.mapper.LogMapper' mapperInterface. Bean already defined with the same name!
2021-01-31 22:46:18.138 [restartedMain] WARN  org.mybatis.spring.mapper.ClassPathMapperScanner:44   Skipping MapperFactoryBean with name 'permissionMapper' and 'com.shengfei.mapper.PermissionMapper' mapperInterface. Bean already defined with the same name!
2021-01-31 22:46:18.138 [restartedMain] WARN  org.mybatis.spring.mapper.ClassPathMapperScanner:44   Skipping MapperFactoryBean with name 'roleMapper' and 'com.shengfei.mapper.RoleMapper' mapperInterface. Bean already defined with the same name!
2021-01-31 22:46:18.138 [restartedMain] WARN  org.mybatis.spring.mapper.ClassPathMapperScanner:44   Skipping MapperFactoryBean with name 'tokenMapper' and 'com.shengfei.mapper.TokenMapper' mapperInterface. Bean already defined with the same name!
2021-01-31 22:46:18.138 [restartedMain] WARN  org.mybatis.spring.mapper.ClassPathMapperScanner:44   Skipping MapperFactoryBean with name 'userMapper' and 'com.shengfei.mapper.UserMapper' mapperInterface. Bean already defined with the same name!
2021-01-31 22:46:18.138 [restartedMain] WARN  org.mybatis.spring.mapper.ClassPathMapperScanner:44   No MyBatis mapper was found in '[com.shengfei.mapper]' package. Please check your configuration.
2021-01-31 22:46:19.277 [restartedMain] WARN  o.s.b.d.autoconfigure.OptionalLiveReloadServer:61   Unable to start LiveReload server
2021-01-31 22:50:56.853 [restartedMain] WARN  org.mybatis.spring.mapper.ClassPathMapperScanner:44   Skipping MapperFactoryBean with name 'logMapper' and 'com.shengfei.mapper.LogMapper' mapperInterface. Bean already defined with the same name!
2021-01-31 22:50:56.856 [restartedMain] WARN  org.mybatis.spring.mapper.ClassPathMapperScanner:44   Skipping MapperFactoryBean with name 'permissionMapper' and 'com.shengfei.mapper.PermissionMapper' mapperInterface. Bean already defined with the same name!
2021-01-31 22:50:56.856 [restartedMain] WARN  org.mybatis.spring.mapper.ClassPathMapperScanner:44   Skipping MapperFactoryBean with name 'roleMapper' and 'com.shengfei.mapper.RoleMapper' mapperInterface. Bean already defined with the same name!
2021-01-31 22:50:56.856 [restartedMain] WARN  org.mybatis.spring.mapper.ClassPathMapperScanner:44   Skipping MapperFactoryBean with name 'tokenMapper' and 'com.shengfei.mapper.TokenMapper' mapperInterface. Bean already defined with the same name!
2021-01-31 22:50:56.857 [restartedMain] WARN  org.mybatis.spring.mapper.ClassPathMapperScanner:44   Skipping MapperFactoryBean with name 'userMapper' and 'com.shengfei.mapper.UserMapper' mapperInterface. Bean already defined with the same name!
2021-01-31 22:50:56.857 [restartedMain] WARN  org.mybatis.spring.mapper.ClassPathMapperScanner:44   No MyBatis mapper was found in '[com.shengfei.mapper]' package. Please check your configuration.
2021-01-31 22:51:07.070 [restartedMain] WARN  org.mybatis.spring.mapper.ClassPathMapperScanner:44   Skipping MapperFactoryBean with name 'logMapper' and 'com.shengfei.mapper.LogMapper' mapperInterface. Bean already defined with the same name!
2021-01-31 22:51:07.071 [restartedMain] WARN  org.mybatis.spring.mapper.ClassPathMapperScanner:44   Skipping MapperFactoryBean with name 'permissionMapper' and 'com.shengfei.mapper.PermissionMapper' mapperInterface. Bean already defined with the same name!
2021-01-31 22:51:07.071 [restartedMain] WARN  org.mybatis.spring.mapper.ClassPathMapperScanner:44   Skipping MapperFactoryBean with name 'roleMapper' and 'com.shengfei.mapper.RoleMapper' mapperInterface. Bean already defined with the same name!
2021-01-31 22:51:07.071 [restartedMain] WARN  org.mybatis.spring.mapper.ClassPathMapperScanner:44   Skipping MapperFactoryBean with name 'tokenMapper' and 'com.shengfei.mapper.TokenMapper' mapperInterface. Bean already defined with the same name!
2021-01-31 22:51:07.072 [restartedMain] WARN  org.mybatis.spring.mapper.ClassPathMapperScanner:44   Skipping MapperFactoryBean with name 'userMapper' and 'com.shengfei.mapper.UserMapper' mapperInterface. Bean already defined with the same name!
2021-01-31 22:51:07.072 [restartedMain] WARN  org.mybatis.spring.mapper.ClassPathMapperScanner:44   No MyBatis mapper was found in '[com.shengfei.mapper]' package. Please check your configuration.
2021-01-31 22:51:22.917 [restartedMain] WARN  org.mybatis.spring.mapper.ClassPathMapperScanner:44   Skipping MapperFactoryBean with name 'logMapper' and 'com.shengfei.mapper.LogMapper' mapperInterface. Bean already defined with the same name!
2021-01-31 22:51:22.918 [restartedMain] WARN  org.mybatis.spring.mapper.ClassPathMapperScanner:44   Skipping MapperFactoryBean with name 'permissionMapper' and 'com.shengfei.mapper.PermissionMapper' mapperInterface. Bean already defined with the same name!
2021-01-31 22:51:22.918 [restartedMain] WARN  org.mybatis.spring.mapper.ClassPathMapperScanner:44   Skipping MapperFactoryBean with name 'roleMapper' and 'com.shengfei.mapper.RoleMapper' mapperInterface. Bean already defined with the same name!
2021-01-31 22:51:22.918 [restartedMain] WARN  org.mybatis.spring.mapper.ClassPathMapperScanner:44   Skipping MapperFactoryBean with name 'tokenMapper' and 'com.shengfei.mapper.TokenMapper' mapperInterface. Bean already defined with the same name!
2021-01-31 22:51:22.918 [restartedMain] WARN  org.mybatis.spring.mapper.ClassPathMapperScanner:44   Skipping MapperFactoryBean with name 'userMapper' and 'com.shengfei.mapper.UserMapper' mapperInterface. Bean already defined with the same name!
2021-01-31 22:51:22.919 [restartedMain] WARN  org.mybatis.spring.mapper.ClassPathMapperScanner:44   No MyBatis mapper was found in '[com.shengfei.mapper]' package. Please check your configuration.
2021-01-31 22:51:25.637 [restartedMain] WARN  o.s.b.d.autoconfigure.OptionalLiveReloadServer:61   Unable to start LiveReload server
